<?xml version="1.0" encoding="UTF-8"?>
<testsuite xmlns:xsi="http://www.w3.org/2001/XMLSchema-instance" xsi:noNamespaceSchemaLocation="https://maven.apache.org/surefire/maven-surefire-plugin/xsd/surefire-test-report-3.0.xsd" version="3.0" name="TestSuite" time="23.131" tests="3" errors="0" skipped="0" failures="0">
  <properties>
[...]
</properties>
  <testcase name="navigatepage[premsairobo@gmail.com, 7386029083p, restricted](1)" classname="LIVEPROJECT.E2EPROJECT.BaseTest" time="3.223">
    <system-out><![CDATA[chrome
chrome
restricted
]]></system-out>
    <system-err><![CDATA[Starting ChromeDriver 83.0.4103.39 (ccbf011cb2d2b19b506d844400483861342c20cd-refs/branch-heads/4103@{#416}) on port 40982
Only local connections are allowed.
Please see https://chromedriver.chromium.org/security-considerations for suggestions on keeping ChromeDriver safe.
ChromeDriver was started successfully.
[1595062311.196][WARNING]: This version of ChromeDriver has not been tested with Chrome version 84.
Jul 18, 2020 6:51:53 PM org.openqa.selenium.remote.ProtocolHandshake createSession
INFO: Detected dialect: W3C
log4j:WARN No appenders could be found for logger (LIVEPROJECT.E2EPROJECT.Gettext).
log4j:WARN Please initialize the log4j system properly.
log4j:WARN See http://logging.apache.org/log4j/1.2/faq.html#noconfig for more info.
Starting ChromeDriver 83.0.4103.39 (ccbf011cb2d2b19b506d844400483861342c20cd-refs/branch-heads/4103@{#416}) on port 38245
Only local connections are allowed.
Please see https://chromedriver.chromium.org/security-considerations for suggestions on keeping ChromeDriver safe.
ChromeDriver was started successfully.
[1595062318.939][WARNING]: This version of ChromeDriver has not been tested with Chrome version 84.
Jul 18, 2020 6:52:00 PM org.openqa.selenium.remote.ProtocolHandshake createSession
INFO: Detected dialect: W3C
]]></system-err>
  </testcase>
  <testcase name="navigatepage[sairobo@gmail.com, 73860083p, Nonrestricted](2)" classname="LIVEPROJECT.E2EPROJECT.BaseTest" time="1.958">
    <system-out><![CDATA[Nonrestricted
]]></system-out>
  </testcase>
  <testcase name="navigatepage" classname="LIVEPROJECT.E2EPROJECT.Gettext" time="0.133"/>
</testsuite>