<?xml version="1.0" encoding="UTF-8"?>
<!-- Generated by org.testng.reporters.JUnitXMLReporter -->
<testsuite hostname="LAPTOP-4FMTI4A0" ignored="0" name="basetextvalidation" tests="3" failures="1" timestamp="2020-07-28T08:59:18 VLAT" time="17.734" errors="0">
  <testcase name="navigatepage" time="0.218" classname="LIVEPROJECT.E2EPROJECT.Gettext">
    <failure type="junit.framework.AssertionFailedError">
      <![CDATA[junit.framework.AssertionFailedError
at junit.framework.Assert.fail(Assert.java:47)
at junit.framework.Assert.assertTrue(Assert.java:20)
at junit.framework.Assert.assertFalse(Assert.java:34)
at junit.framework.Assert.assertFalse(Assert.java:41)
at LIVEPROJECT.E2EPROJECT.Gettext.navigatepage(Gettext.java:34)
at java.util.ArrayList.forEach(Unknown Source)
at java.util.concurrent.FutureTask.run(Unknown Source)
at java.util.concurrent.ThreadPoolExecutor.runWorker(Unknown Source)
at java.util.concurrent.ThreadPoolExecutor$Worker.run(Unknown Source)
at java.lang.Thread.run(Unknown Source)
... Removed 18 stack frames]]>
    </failure>
  </testcase> <!-- navigatepage -->
  <testcase name="checklogin" time="3.717" classname="LIVEPROJECT.E2EPROJECT.BaseTest"/>
  <testcase name="checklogin" time="3.431" classname="LIVEPROJECT.E2EPROJECT.BaseTest"/>
</testsuite> <!-- basetextvalidation -->
