<?xml version="1.0" encoding="UTF-8"?>
<!-- Generated by org.testng.reporters.JUnitXMLReporter -->
<testsuite hostname="LAPTOP-4FMTI4A0" ignored="0" name="getvalidation" tests="1" failures="1" timestamp="2020-07-19T14:37:00 VLAT" time="7.911" errors="0">
  <testcase name="navigatepage" time="0.089" classname="LIVEPROJECT.E2EPROJECT.Gettext">
    <failure type="junit.framework.AssertionFailedError">
      <![CDATA[junit.framework.AssertionFailedError
at junit.framework.Assert.fail(Assert.java:47)
at junit.framework.Assert.assertTrue(Assert.java:20)
at junit.framework.Assert.assertFalse(Assert.java:34)
at junit.framework.Assert.assertFalse(Assert.java:41)
at LIVEPROJECT.E2EPROJECT.Gettext.navigatepage(Gettext.java:32)
at java.util.ArrayList.forEach(Unknown Source)
... Removed 27 stack frames]]>
    </failure>
  </testcase> <!-- navigatepage -->
</testsuite> <!-- getvalidation -->
