<?xml version="1.0" encoding="UTF-8"?>
<!-- Generated by org.testng.reporters.JUnitXMLReporter -->
<testsuite hostname="LAPTOP-4FMTI4A0" ignored="0" name="Test" tests="3" failures="0" timestamp="2020-07-18T18:53:46 VLAT" time="32.773" errors="0">
  <testcase name="navigatepage" time="2.65" classname="LIVEPROJECT.E2EPROJECT.BaseTest"/>
  <testcase name="navigatepage" time="2.335" classname="LIVEPROJECT.E2EPROJECT.BaseTest"/>
  <testcase name="navigatepage" time="0.138" classname="LIVEPROJECT.E2EPROJECT.Gettext"/>
</testsuite> <!-- Test -->
