<?xml version="1.0" encoding="UTF-8"?>
<testng-results skipped="0" failed="0" ignored="0" total="2" passed="2">
  <reporter-output>
  </reporter-output>
  <suite name="Suite" duration-ms="17734" started-at="2020-07-28T08:59:00 VLAT" finished-at="2020-07-28T08:59:18 VLAT">
    <groups>
    </groups>
    <test name="basetextvalidation" duration-ms="17734" started-at="2020-07-28T08:59:00 VLAT" finished-at="2020-07-28T08:59:18 VLAT">
      <class name="LIVEPROJECT.E2EPROJECT.BaseTest">
        <test-method status="PASS" signature="inti()[pri:0, instance:LIVEPROJECT.E2EPROJECT.BaseTest@5a4aa2f2]" name="inti" is-config="true" duration-ms="10449" started-at="2020-07-28T08:59:00 VLAT" finished-at="2020-07-28T08:59:10 VLAT">
          <reporter-output>
          </reporter-output>
        </test-method> <!-- inti -->
        <test-method status="PASS" signature="checklogin(java.lang.String, java.lang.String, java.lang.String)[pri:0, instance:LIVEPROJECT.E2EPROJECT.BaseTest@5a4aa2f2]" name="checklogin" duration-ms="3717" started-at="2020-07-28T08:59:10 VLAT" data-provider="getdata" finished-at="2020-07-28T08:59:14 VLAT">
          <params>
            <param index="0">
              <value>
                <![CDATA[premsairobo@gmail.com]]>
              </value>
            </param>
            <param index="1">
              <value>
                <![CDATA[7386029083p]]>
              </value>
            </param>
            <param index="2">
              <value>
                <![CDATA[restricted]]>
              </value>
            </param>
          </params>
          <reporter-output>
          </reporter-output>
        </test-method> <!-- checklogin -->
        <test-method status="PASS" signature="checklogin(java.lang.String, java.lang.String, java.lang.String)[pri:0, instance:LIVEPROJECT.E2EPROJECT.BaseTest@5a4aa2f2]" name="checklogin" duration-ms="3431" started-at="2020-07-28T08:59:14 VLAT" data-provider="getdata" finished-at="2020-07-28T08:59:17 VLAT">
          <params>
            <param index="0">
              <value>
                <![CDATA[sairobo@gmail.com]]>
              </value>
            </param>
            <param index="1">
              <value>
                <![CDATA[73860083p]]>
              </value>
            </param>
            <param index="2">
              <value>
                <![CDATA[Nonrestricted]]>
              </value>
            </param>
          </params>
          <reporter-output>
          </reporter-output>
        </test-method> <!-- checklogin -->
        <test-method status="PASS" signature="testend()[pri:0, instance:LIVEPROJECT.E2EPROJECT.BaseTest@5a4aa2f2]" name="testend" is-config="true" duration-ms="112" started-at="2020-07-28T08:59:17 VLAT" finished-at="2020-07-28T08:59:18 VLAT">
          <reporter-output>
          </reporter-output>
        </test-method> <!-- testend -->
      </class> <!-- LIVEPROJECT.E2EPROJECT.BaseTest -->
    </test> <!-- basetextvalidation -->
  </suite> <!-- Suite -->
</testng-results>
