<?xml version="1.0" encoding="UTF-8"?>
<!-- Generated by org.testng.reporters.JUnitXMLReporter -->
<testsuite hostname="LAPTOP-4FMTI4A0" ignored="0" name="Test" tests="3" failures="0" timestamp="2020-07-18T18:52:11 VLAT" time="22.622" errors="0">
  <testcase name="navigatepage" time="3.368" classname="LIVEPROJECT.E2EPROJECT.BaseTest"/>
  <testcase name="navigatepage" time="1.958" classname="LIVEPROJECT.E2EPROJECT.BaseTest"/>
  <testcase name="navigatepage" time="0.133" classname="LIVEPROJECT.E2EPROJECT.Gettext"/>
</testsuite> <!-- Test -->
